0 info it worked if it ends with ok
1 verbose cli [ '/usr/bin/node', '/usr/bin/npm', 'i', 'eslint' ]
2 info using npm@3.5.2
3 info using node@v8.10.0
4 silly loadCurrentTree Starting
5 silly install loadCurrentTree
6 silly install readLocalPackageData
7 silly fetchPackageMetaData eslint
8 silly fetchNamedPackageData eslint
9 silly mapToRegistry name eslint
10 silly mapToRegistry using default registry
11 silly mapToRegistry registry https://registry.npmjs.org/
12 silly mapToRegistry uri https://registry.npmjs.org/eslint
13 verbose request uri https://registry.npmjs.org/eslint
14 verbose request no auth needed
15 info attempt registry request try #1 at 7:39:18 PM
16 verbose request id 6a30c3e8ab7617a5
17 verbose etag W/"f0cb93c0846f43c756179a16cbf3227f"
18 verbose lastModified Fri, 17 Dec 2021 22:36:44 GMT
19 http request GET https://registry.npmjs.org/eslint
20 http 304 https://registry.npmjs.org/eslint
21 verbose headers { date: 'Tue, 28 Dec 2021 14:39:18 GMT',
21 verbose headers   connection: 'keep-alive',
21 verbose headers   'cf-ray': '6c4b898b7d1f1640-DME',
21 verbose headers   age: '25',
21 verbose headers   'cache-control': 'public, max-age=300',
21 verbose headers   etag: '"f0cb93c0846f43c756179a16cbf3227f"',
21 verbose headers   'last-modified': 'Fri, 17 Dec 2021 22:36:44 GMT',
21 verbose headers   vary: 'Accept-Encoding',
21 verbose headers   'cf-cache-status': 'HIT',
21 verbose headers   'expect-ct': 'max-age=604800, report-uri="https://report-uri.cloudflare.com/cdn-cgi/beacon/expect-ct"',
21 verbose headers   'x-amz-replication-status': 'COMPLETED',
21 verbose headers   server: 'cloudflare' }
22 silly get cb [ 304,
22 silly get   { date: 'Tue, 28 Dec 2021 14:39:18 GMT',
22 silly get     connection: 'keep-alive',
22 silly get     'cf-ray': '6c4b898b7d1f1640-DME',
22 silly get     age: '25',
22 silly get     'cache-control': 'public, max-age=300',
22 silly get     etag: '"f0cb93c0846f43c756179a16cbf3227f"',
22 silly get     'last-modified': 'Fri, 17 Dec 2021 22:36:44 GMT',
22 silly get     vary: 'Accept-Encoding',
22 silly get     'cf-cache-status': 'HIT',
22 silly get     'expect-ct': 'max-age=604800, report-uri="https://report-uri.cloudflare.com/cdn-cgi/beacon/expect-ct"',
22 silly get     'x-amz-replication-status': 'COMPLETED',
22 silly get     server: 'cloudflare' } ]
23 verbose etag https://registry.npmjs.org/eslint from cache
24 verbose get saving eslint to /home/eugene/.npm/registry.npmjs.org/eslint/.cache.json
25 silly install normalizeTree
26 silly loadCurrentTree Finishing
27 silly loadIdealTree Starting
28 silly install loadIdealTree
29 silly cloneCurrentTree Starting
30 silly install cloneCurrentTreeToIdealTree
31 silly cloneCurrentTree Finishing
32 silly loadShrinkwrap Starting
33 silly install loadShrinkwrap
34 silly loadShrinkwrap Finishing
35 silly loadAllDepsIntoIdealTree Starting
36 silly install loadAllDepsIntoIdealTree
37 silly resolveWithNewModule eslint@8.5.0 checking installable status
38 silly cache add args [ 'eslint', null ]
39 verbose cache add spec eslint
40 silly cache add parsed spec Result {
40 silly cache add   raw: 'eslint',
40 silly cache add   scope: null,
40 silly cache add   name: 'eslint',
40 silly cache add   rawSpec: '',
40 silly cache add   spec: 'latest',
40 silly cache add   type: 'tag' }
41 silly addNamed eslint@latest
42 verbose addNamed "latest" is being treated as a dist-tag for eslint
43 info addNameTag [ 'eslint', 'latest' ]
44 silly mapToRegistry name eslint
45 silly mapToRegistry using default registry
46 silly mapToRegistry registry https://registry.npmjs.org/
47 silly mapToRegistry uri https://registry.npmjs.org/eslint
48 verbose addNameTag registry:https://registry.npmjs.org/eslint not in flight; fetching
49 verbose get https://registry.npmjs.org/eslint not expired, no request
50 silly addNameTag next cb for eslint with tag latest
51 silly addNamed eslint@8.5.0
52 verbose addNamed "8.5.0" is a plain semver version for eslint
53 silly cache afterAdd eslint@8.5.0
54 verbose afterAdd /home/eugene/.npm/eslint/8.5.0/package/package.json not in flight; writing
55 verbose afterAdd /home/eugene/.npm/eslint/8.5.0/package/package.json written
56 silly fetchNamedPackageData @eslint/eslintrc
57 silly mapToRegistry name @eslint/eslintrc
58 silly mapToRegistry scope (from package name) @eslint
59 verbose mapToRegistry no registry URL found in name for scope @eslint
60 silly mapToRegistry using default registry
61 silly mapToRegistry registry https://registry.npmjs.org/
62 silly mapToRegistry uri https://registry.npmjs.org/@eslint%2feslintrc
63 silly fetchNamedPackageData @humanwhocodes/config-array
64 silly mapToRegistry name @humanwhocodes/config-array
65 silly mapToRegistry scope (from package name) @humanwhocodes
66 verbose mapToRegistry no registry URL found in name for scope @humanwhocodes
67 silly mapToRegistry using default registry
68 silly mapToRegistry registry https://registry.npmjs.org/
69 silly mapToRegistry uri https://registry.npmjs.org/@humanwhocodes%2fconfig-array
70 silly fetchNamedPackageData ajv
71 silly mapToRegistry name ajv
72 silly mapToRegistry using default registry
73 silly mapToRegistry registry https://registry.npmjs.org/
74 silly mapToRegistry uri https://registry.npmjs.org/ajv
75 silly fetchNamedPackageData chalk
76 silly mapToRegistry name chalk
77 silly mapToRegistry using default registry
78 silly mapToRegistry registry https://registry.npmjs.org/
79 silly mapToRegistry uri https://registry.npmjs.org/chalk
80 silly fetchNamedPackageData cross-spawn
81 silly mapToRegistry name cross-spawn
82 silly mapToRegistry using default registry
83 silly mapToRegistry registry https://registry.npmjs.org/
84 silly mapToRegistry uri https://registry.npmjs.org/cross-spawn
85 silly fetchNamedPackageData debug
86 silly mapToRegistry name debug
87 silly mapToRegistry using default registry
88 silly mapToRegistry registry https://registry.npmjs.org/
89 silly mapToRegistry uri https://registry.npmjs.org/debug
90 silly fetchNamedPackageData doctrine
91 silly mapToRegistry name doctrine
92 silly mapToRegistry using default registry
93 silly mapToRegistry registry https://registry.npmjs.org/
94 silly mapToRegistry uri https://registry.npmjs.org/doctrine
95 silly fetchNamedPackageData enquirer
96 silly mapToRegistry name enquirer
97 silly mapToRegistry using default registry
98 silly mapToRegistry registry https://registry.npmjs.org/
99 silly mapToRegistry uri https://registry.npmjs.org/enquirer
100 silly fetchNamedPackageData escape-string-regexp
101 silly mapToRegistry name escape-string-regexp
102 silly mapToRegistry using default registry
103 silly mapToRegistry registry https://registry.npmjs.org/
104 silly mapToRegistry uri https://registry.npmjs.org/escape-string-regexp
105 silly fetchNamedPackageData eslint-scope
106 silly mapToRegistry name eslint-scope
107 silly mapToRegistry using default registry
108 silly mapToRegistry registry https://registry.npmjs.org/
109 silly mapToRegistry uri https://registry.npmjs.org/eslint-scope
110 silly fetchNamedPackageData eslint-utils
111 silly mapToRegistry name eslint-utils
112 silly mapToRegistry using default registry
113 silly mapToRegistry registry https://registry.npmjs.org/
114 silly mapToRegistry uri https://registry.npmjs.org/eslint-utils
115 silly fetchNamedPackageData eslint-visitor-keys
116 silly mapToRegistry name eslint-visitor-keys
117 silly mapToRegistry using default registry
118 silly mapToRegistry registry https://registry.npmjs.org/
119 silly mapToRegistry uri https://registry.npmjs.org/eslint-visitor-keys
120 silly fetchNamedPackageData espree
121 silly mapToRegistry name espree
122 silly mapToRegistry using default registry
123 silly mapToRegistry registry https://registry.npmjs.org/
124 silly mapToRegistry uri https://registry.npmjs.org/espree
125 silly fetchNamedPackageData esquery
126 silly mapToRegistry name esquery
127 silly mapToRegistry using default registry
128 silly mapToRegistry registry https://registry.npmjs.org/
129 silly mapToRegistry uri https://registry.npmjs.org/esquery
130 silly fetchNamedPackageData esutils
131 silly mapToRegistry name esutils
132 silly mapToRegistry using default registry
133 silly mapToRegistry registry https://registry.npmjs.org/
134 silly mapToRegistry uri https://registry.npmjs.org/esutils
135 silly fetchNamedPackageData fast-deep-equal
136 silly mapToRegistry name fast-deep-equal
137 silly mapToRegistry using default registry
138 silly mapToRegistry registry https://registry.npmjs.org/
139 silly mapToRegistry uri https://registry.npmjs.org/fast-deep-equal
140 silly fetchNamedPackageData file-entry-cache
141 silly mapToRegistry name file-entry-cache
142 silly mapToRegistry using default registry
143 silly mapToRegistry registry https://registry.npmjs.org/
144 silly mapToRegistry uri https://registry.npmjs.org/file-entry-cache
145 silly fetchNamedPackageData functional-red-black-tree
146 silly mapToRegistry name functional-red-black-tree
147 silly mapToRegistry using default registry
148 silly mapToRegistry registry https://registry.npmjs.org/
149 silly mapToRegistry uri https://registry.npmjs.org/functional-red-black-tree
150 silly fetchNamedPackageData glob-parent
151 silly mapToRegistry name glob-parent
152 silly mapToRegistry using default registry
153 silly mapToRegistry registry https://registry.npmjs.org/
154 silly mapToRegistry uri https://registry.npmjs.org/glob-parent
155 silly fetchNamedPackageData globals
156 silly mapToRegistry name globals
157 silly mapToRegistry using default registry
158 silly mapToRegistry registry https://registry.npmjs.org/
159 silly mapToRegistry uri https://registry.npmjs.org/globals
160 silly fetchNamedPackageData ignore
161 silly mapToRegistry name ignore
162 silly mapToRegistry using default registry
163 silly mapToRegistry registry https://registry.npmjs.org/
164 silly mapToRegistry uri https://registry.npmjs.org/ignore
165 silly fetchNamedPackageData import-fresh
166 silly mapToRegistry name import-fresh
167 silly mapToRegistry using default registry
168 silly mapToRegistry registry https://registry.npmjs.org/
169 silly mapToRegistry uri https://registry.npmjs.org/import-fresh
170 silly fetchNamedPackageData imurmurhash
171 silly mapToRegistry name imurmurhash
172 silly mapToRegistry using default registry
173 silly mapToRegistry registry https://registry.npmjs.org/
174 silly mapToRegistry uri https://registry.npmjs.org/imurmurhash
175 silly fetchNamedPackageData is-glob
176 silly mapToRegistry name is-glob
177 silly mapToRegistry using default registry
178 silly mapToRegistry registry https://registry.npmjs.org/
179 silly mapToRegistry uri https://registry.npmjs.org/is-glob
180 silly fetchNamedPackageData js-yaml
181 silly mapToRegistry name js-yaml
182 silly mapToRegistry using default registry
183 silly mapToRegistry registry https://registry.npmjs.org/
184 silly mapToRegistry uri https://registry.npmjs.org/js-yaml
185 silly fetchNamedPackageData json-stable-stringify-without-jsonify
186 silly mapToRegistry name json-stable-stringify-without-jsonify
187 silly mapToRegistry using default registry
188 silly mapToRegistry registry https://registry.npmjs.org/
189 silly mapToRegistry uri https://registry.npmjs.org/json-stable-stringify-without-jsonify
190 silly fetchNamedPackageData levn
191 silly mapToRegistry name levn
192 silly mapToRegistry using default registry
193 silly mapToRegistry registry https://registry.npmjs.org/
194 silly mapToRegistry uri https://registry.npmjs.org/levn
195 silly fetchNamedPackageData lodash.merge
196 silly mapToRegistry name lodash.merge
197 silly mapToRegistry using default registry
198 silly mapToRegistry registry https://registry.npmjs.org/
199 silly mapToRegistry uri https://registry.npmjs.org/lodash.merge
200 silly fetchNamedPackageData minimatch
201 silly mapToRegistry name minimatch
202 silly mapToRegistry using default registry
203 silly mapToRegistry registry https://registry.npmjs.org/
204 silly mapToRegistry uri https://registry.npmjs.org/minimatch
205 silly fetchNamedPackageData natural-compare
206 silly mapToRegistry name natural-compare
207 silly mapToRegistry using default registry
208 silly mapToRegistry registry https://registry.npmjs.org/
209 silly mapToRegistry uri https://registry.npmjs.org/natural-compare
210 silly fetchNamedPackageData optionator
211 silly mapToRegistry name optionator
212 silly mapToRegistry using default registry
213 silly mapToRegistry registry https://registry.npmjs.org/
214 silly mapToRegistry uri https://registry.npmjs.org/optionator
215 silly fetchNamedPackageData progress
216 silly mapToRegistry name progress
217 silly mapToRegistry using default registry
218 silly mapToRegistry registry https://registry.npmjs.org/
219 silly mapToRegistry uri https://registry.npmjs.org/progress
220 silly fetchNamedPackageData regexpp
221 silly mapToRegistry name regexpp
222 silly mapToRegistry using default registry
223 silly mapToRegistry registry https://registry.npmjs.org/
224 silly mapToRegistry uri https://registry.npmjs.org/regexpp
225 silly fetchNamedPackageData semver
226 silly mapToRegistry name semver
227 silly mapToRegistry using default registry
228 silly mapToRegistry registry https://registry.npmjs.org/
229 silly mapToRegistry uri https://registry.npmjs.org/semver
230 silly fetchNamedPackageData strip-ansi
231 silly mapToRegistry name strip-ansi
232 silly mapToRegistry using default registry
233 silly mapToRegistry registry https://registry.npmjs.org/
234 silly mapToRegistry uri https://registry.npmjs.org/strip-ansi
235 silly fetchNamedPackageData strip-json-comments
236 silly mapToRegistry name strip-json-comments
237 silly mapToRegistry using default registry
238 silly mapToRegistry registry https://registry.npmjs.org/
239 silly mapToRegistry uri https://registry.npmjs.org/strip-json-comments
240 silly fetchNamedPackageData text-table
241 silly mapToRegistry name text-table
242 silly mapToRegistry using default registry
243 silly mapToRegistry registry https://registry.npmjs.org/
244 silly mapToRegistry uri https://registry.npmjs.org/text-table
245 silly fetchNamedPackageData v8-compile-cache
246 silly mapToRegistry name v8-compile-cache
247 silly mapToRegistry using default registry
248 silly mapToRegistry registry https://registry.npmjs.org/
249 silly mapToRegistry uri https://registry.npmjs.org/v8-compile-cache
250 verbose request uri https://registry.npmjs.org/@eslint%2feslintrc
251 verbose request no auth needed
252 info attempt registry request try #1 at 7:39:18 PM
253 verbose etag W/"f44acf20ba0269ebd0b5191639d9a07a"
254 verbose lastModified Sat, 04 Dec 2021 02:05:49 GMT
255 http request GET https://registry.npmjs.org/@eslint%2feslintrc
256 verbose request uri https://registry.npmjs.org/@humanwhocodes%2fconfig-array
257 verbose request no auth needed
258 info attempt registry request try #1 at 7:39:18 PM
259 verbose etag W/"e5f3b323a1f07e8471ea6e63ec7b0567"
260 verbose lastModified Tue, 02 Nov 2021 19:12:37 GMT
261 http request GET https://registry.npmjs.org/@humanwhocodes%2fconfig-array
262 verbose request uri https://registry.npmjs.org/ajv
263 verbose request no auth needed
264 info attempt registry request try #1 at 7:39:18 PM
265 verbose etag W/"88b214ce2a486e547e688d217e1f87e5"
266 verbose lastModified Sun, 21 Nov 2021 19:07:18 GMT
267 http request GET https://registry.npmjs.org/ajv
268 verbose request uri https://registry.npmjs.org/chalk
269 verbose request no auth needed
270 info attempt registry request try #1 at 7:39:18 PM
271 verbose etag W/"4f1417a6459cfeb7464d99eca344a107"
272 verbose lastModified Wed, 08 Dec 2021 22:36:14 GMT
273 http request GET https://registry.npmjs.org/chalk
274 verbose request uri https://registry.npmjs.org/cross-spawn
275 verbose request no auth needed
276 info attempt registry request try #1 at 7:39:18 PM
277 verbose etag W/"94136893d0e3d83da0ca9c6b69c486bc"
278 verbose lastModified Mon, 25 May 2020 15:35:13 GMT
279 http request GET https://registry.npmjs.org/cross-spawn
280 verbose request uri https://registry.npmjs.org/debug
281 verbose request no auth needed
282 info attempt registry request try #1 at 7:39:19 PM
283 verbose etag W/"14b0a07d405a10b259fa2f82e7dbfd9a"
284 verbose lastModified Sat, 18 Dec 2021 17:02:47 GMT
285 http request GET https://registry.npmjs.org/debug
286 verbose request uri https://registry.npmjs.org/doctrine
287 verbose request no auth needed
288 info attempt registry request try #1 at 7:39:19 PM
289 verbose etag W/"b5c953785153d9fe1941e61b7cfabc4d"
290 verbose lastModified Wed, 11 Aug 2021 15:11:39 GMT
291 http request GET https://registry.npmjs.org/doctrine
292 verbose request uri https://registry.npmjs.org/enquirer
293 verbose request no auth needed
294 info attempt registry request try #1 at 7:39:19 PM
295 verbose etag W/"2d55e38defd7a354b85bae2d1e8b68d8"
296 verbose lastModified Tue, 05 Oct 2021 22:04:08 GMT
297 http request GET https://registry.npmjs.org/enquirer
298 verbose request uri https://registry.npmjs.org/escape-string-regexp
299 verbose request no auth needed
300 info attempt registry request try #1 at 7:39:19 PM
301 verbose etag W/"47d605f4748c2d51d6a3cad8c028a98b"
302 verbose lastModified Sat, 17 Apr 2021 15:45:55 GMT
303 http request GET https://registry.npmjs.org/escape-string-regexp
304 verbose request uri https://registry.npmjs.org/eslint-scope
305 verbose request no auth needed
306 info attempt registry request try #1 at 7:39:19 PM
307 verbose etag W/"fe4ac7c79a9b5b97431260598df5f0ee"
308 verbose lastModified Sun, 21 Nov 2021 03:43:35 GMT
309 http request GET https://registry.npmjs.org/eslint-scope
310 verbose request uri https://registry.npmjs.org/eslint-utils
311 verbose request no auth needed
312 info attempt registry request try #1 at 7:39:19 PM
313 verbose etag W/"03c4623ace69a30d35bb198204247af8"
314 verbose lastModified Fri, 14 May 2021 06:56:43 GMT
315 http request GET https://registry.npmjs.org/eslint-utils
316 verbose request uri https://registry.npmjs.org/eslint-visitor-keys
317 verbose request no auth needed
318 info attempt registry request try #1 at 7:39:19 PM
319 verbose etag W/"96aae72117cfe1d832b480c85e2fad21"
320 verbose lastModified Mon, 08 Nov 2021 13:29:35 GMT
321 http request GET https://registry.npmjs.org/eslint-visitor-keys
322 verbose request uri https://registry.npmjs.org/espree
323 verbose request no auth needed
324 info attempt registry request try #1 at 7:39:19 PM
325 verbose etag W/"f80b82a2e1be46a79c14de4599477441"
326 verbose lastModified Sat, 04 Dec 2021 00:47:15 GMT
327 http request GET https://registry.npmjs.org/espree
328 verbose request uri https://registry.npmjs.org/esquery
329 verbose request no auth needed
330 info attempt registry request try #1 at 7:39:19 PM
331 verbose etag W/"327034c1e41c050afff96a7b917f921b"
332 verbose lastModified Fri, 05 Feb 2021 22:52:00 GMT
333 http request GET https://registry.npmjs.org/esquery
334 verbose request uri https://registry.npmjs.org/esutils
335 verbose request no auth needed
336 info attempt registry request try #1 at 7:39:19 PM
337 verbose etag W/"2ed4e998ea6c98fdba84a86a20007707"
338 verbose lastModified Wed, 31 Jul 2019 01:10:57 GMT
339 http request GET https://registry.npmjs.org/esutils
340 verbose request uri https://registry.npmjs.org/fast-deep-equal
341 verbose request no auth needed
342 info attempt registry request try #1 at 7:39:19 PM
343 verbose etag W/"50e58e96ce1ae757a0bd8e41b58513be"
344 verbose lastModified Mon, 08 Jun 2020 07:27:32 GMT
345 http request GET https://registry.npmjs.org/fast-deep-equal
346 verbose request uri https://registry.npmjs.org/file-entry-cache
347 verbose request no auth needed
348 info attempt registry request try #1 at 7:39:19 PM
349 verbose etag W/"f39367e27332718731dc8bbf94850816"
350 verbose lastModified Sat, 20 Feb 2021 04:11:00 GMT
351 http request GET https://registry.npmjs.org/file-entry-cache
352 verbose request uri https://registry.npmjs.org/functional-red-black-tree
353 verbose request no auth needed
354 info attempt registry request try #1 at 7:39:19 PM
355 verbose etag W/"1d15451820d9896655d4bd775230f61e"
356 verbose lastModified Sun, 27 May 2018 01:21:45 GMT
357 http request GET https://registry.npmjs.org/functional-red-black-tree
358 verbose request uri https://registry.npmjs.org/glob-parent
359 verbose request no auth needed
360 info attempt registry request try #1 at 7:39:19 PM
361 verbose etag W/"29553df06357f16037358019964ff9d1"
362 verbose lastModified Sun, 31 Oct 2021 21:58:51 GMT
363 http request GET https://registry.npmjs.org/glob-parent
364 verbose request uri https://registry.npmjs.org/globals
365 verbose request no auth needed
366 info attempt registry request try #1 at 7:39:19 PM
367 verbose etag W/"f8a5ab04b004ad1a04c0dad671f5c9be"
368 verbose lastModified Wed, 27 Oct 2021 07:15:36 GMT
369 http request GET https://registry.npmjs.org/globals
370 verbose request uri https://registry.npmjs.org/ignore
371 verbose request no auth needed
372 info attempt registry request try #1 at 7:39:19 PM
373 verbose etag W/"563ecc7c23cd5b88b4af615c275a0e32"
374 verbose lastModified Sun, 19 Dec 2021 03:49:00 GMT
375 http request GET https://registry.npmjs.org/ignore
376 verbose request uri https://registry.npmjs.org/import-fresh
377 verbose request no auth needed
378 info attempt registry request try #1 at 7:39:19 PM
379 verbose etag W/"82bd14b0677475e6d6bab906d253542e"
380 verbose lastModified Sun, 20 Dec 2020 13:35:44 GMT
381 http request GET https://registry.npmjs.org/import-fresh
382 verbose request uri https://registry.npmjs.org/imurmurhash
383 verbose request no auth needed
384 info attempt registry request try #1 at 7:39:19 PM
385 verbose etag W/"d9e6fb402cb8b4e725652605e78ae8b6"
386 verbose lastModified Sun, 27 May 2018 04:35:52 GMT
387 http request GET https://registry.npmjs.org/imurmurhash
388 verbose request uri https://registry.npmjs.org/is-glob
389 verbose request no auth needed
390 info attempt registry request try #1 at 7:39:19 PM
391 verbose etag W/"074b8e4c37991c4f49d4e81c1eee73e9"
392 verbose lastModified Wed, 29 Sep 2021 16:52:49 GMT
393 http request GET https://registry.npmjs.org/is-glob
394 verbose request uri https://registry.npmjs.org/js-yaml
395 verbose request no auth needed
396 info attempt registry request try #1 at 7:39:19 PM
397 verbose etag W/"49e69014154e42b30f13210248905d84"
398 verbose lastModified Wed, 17 Nov 2021 16:43:09 GMT
399 http request GET https://registry.npmjs.org/js-yaml
400 verbose request uri https://registry.npmjs.org/json-stable-stringify-without-jsonify
401 verbose request no auth needed
402 info attempt registry request try #1 at 7:39:19 PM
403 verbose etag W/"6909496367f56d77408a4ceae15289af"
404 verbose lastModified Sun, 27 May 2018 05:40:58 GMT
405 http request GET https://registry.npmjs.org/json-stable-stringify-without-jsonify
406 verbose request uri https://registry.npmjs.org/levn
407 verbose request no auth needed
408 info attempt registry request try #1 at 7:39:19 PM
409 verbose etag W/"d82ff573c23cfa1c986f437faf4aba94"
410 verbose lastModified Sat, 04 Apr 2020 02:05:35 GMT
411 http request GET https://registry.npmjs.org/levn
412 verbose request uri https://registry.npmjs.org/lodash.merge
413 verbose request no auth needed
414 info attempt registry request try #1 at 7:39:19 PM
415 verbose etag W/"200c6d0fd85a94a3242667dcfd829a11"
416 verbose lastModified Wed, 10 Jul 2019 00:19:45 GMT
417 http request GET https://registry.npmjs.org/lodash.merge
418 verbose request uri https://registry.npmjs.org/minimatch
419 verbose request no auth needed
420 info attempt registry request try #1 at 7:39:19 PM
421 verbose etag W/"428c1ad1e8213af0c96003b72757d4b3"
422 verbose lastModified Thu, 18 Nov 2021 07:40:24 GMT
423 http request GET https://registry.npmjs.org/minimatch
424 verbose request uri https://registry.npmjs.org/natural-compare
425 verbose request no auth needed
426 info attempt registry request try #1 at 7:39:19 PM
427 verbose etag W/"e893d7291eb35278a7811a0fff2de64a"
428 verbose lastModified Sun, 27 May 2018 09:11:05 GMT
429 http request GET https://registry.npmjs.org/natural-compare
430 verbose request uri https://registry.npmjs.org/optionator
431 verbose request no auth needed
432 info attempt registry request try #1 at 7:39:19 PM
433 verbose etag W/"63de8e079046977d29eecd03ec0e4522"
434 verbose lastModified Thu, 01 Jul 2021 13:31:45 GMT
435 http request GET https://registry.npmjs.org/optionator
436 verbose request uri https://registry.npmjs.org/progress
437 verbose request no auth needed
438 info attempt registry request try #1 at 7:39:19 PM
439 verbose etag W/"576319b28ac80b5ca940e1cca732bd4f"
440 verbose lastModified Mon, 15 Apr 2019 08:44:21 GMT
441 http request GET https://registry.npmjs.org/progress
442 verbose request uri https://registry.npmjs.org/regexpp
443 verbose request no auth needed
444 info attempt registry request try #1 at 7:39:19 PM
445 verbose etag W/"93811ffcae64e98db5d1cfa45ca39826"
446 verbose lastModified Mon, 14 Jun 2021 11:07:01 GMT
447 http request GET https://registry.npmjs.org/regexpp
448 verbose request uri https://registry.npmjs.org/semver
449 verbose request no auth needed
450 info attempt registry request try #1 at 7:39:19 PM
451 verbose etag W/"8a3dff882b74077d725468273f6edc81"
452 verbose lastModified Tue, 07 Dec 2021 20:23:03 GMT
453 http request GET https://registry.npmjs.org/semver
454 verbose request uri https://registry.npmjs.org/strip-ansi
455 verbose request no auth needed
456 info attempt registry request try #1 at 7:39:19 PM
457 verbose etag W/"2141b6a9cc7748851d820ba3aa90b8ef"
458 verbose lastModified Thu, 23 Sep 2021 16:34:42 GMT
459 http request GET https://registry.npmjs.org/strip-ansi
460 verbose request uri https://registry.npmjs.org/strip-json-comments
461 verbose request no auth needed
462 info attempt registry request try #1 at 7:39:19 PM
463 verbose etag W/"59a2fab08ec467c70ea0dca7398fdb69"
464 verbose lastModified Thu, 19 Aug 2021 18:10:19 GMT
465 http request GET https://registry.npmjs.org/strip-json-comments
466 verbose request uri https://registry.npmjs.org/text-table
467 verbose request no auth needed
468 info attempt registry request try #1 at 7:39:19 PM
469 verbose etag W/"96c8860f05d73df713a229898dd611a2"
470 verbose lastModified Sun, 27 May 2018 19:16:52 GMT
471 http request GET https://registry.npmjs.org/text-table
472 verbose request uri https://registry.npmjs.org/v8-compile-cache
473 verbose request no auth needed
474 info attempt registry request try #1 at 7:39:19 PM
475 verbose etag W/"ea7e636e4d26153593687de77340764a"
476 verbose lastModified Sat, 06 Mar 2021 01:20:08 GMT
477 http request GET https://registry.npmjs.org/v8-compile-cache
478 http 304 https://registry.npmjs.org/@eslint%2feslintrc
479 verbose headers { date: 'Tue, 28 Dec 2021 14:39:19 GMT',
479 verbose headers   connection: 'keep-alive',
479 verbose headers   'cf-ray': '6c4b89915bf81640-DME',
479 verbose headers   age: '250',
479 verbose headers   'cache-control': 'public, max-age=300',
479 verbose headers   etag: '"f44acf20ba0269ebd0b5191639d9a07a"',
479 verbose headers   'last-modified': 'Sat, 04 Dec 2021 02:05:49 GMT',
479 verbose headers   vary: 'Accept-Encoding',
479 verbose headers   'cf-cache-status': 'HIT',
479 verbose headers   'expect-ct': 'max-age=604800, report-uri="https://report-uri.cloudflare.com/cdn-cgi/beacon/expect-ct"',
479 verbose headers   'x-amz-replication-status': 'COMPLETED',
479 verbose headers   server: 'cloudflare' }
480 silly get cb [ 304,
480 silly get   { date: 'Tue, 28 Dec 2021 14:39:19 GMT',
480 silly get     connection: 'keep-alive',
480 silly get     'cf-ray': '6c4b89915bf81640-DME',
480 silly get     age: '250',
480 silly get     'cache-control': 'public, max-age=300',
480 silly get     etag: '"f44acf20ba0269ebd0b5191639d9a07a"',
480 silly get     'last-modified': 'Sat, 04 Dec 2021 02:05:49 GMT',
480 silly get     vary: 'Accept-Encoding',
480 silly get     'cf-cache-status': 'HIT',
480 silly get     'expect-ct': 'max-age=604800, report-uri="https://report-uri.cloudflare.com/cdn-cgi/beacon/expect-ct"',
480 silly get     'x-amz-replication-status': 'COMPLETED',
480 silly get     server: 'cloudflare' } ]
481 verbose etag https://registry.npmjs.org/@eslint%2feslintrc from cache
482 verbose get saving @eslint/eslintrc to /home/eugene/.npm/registry.npmjs.org/_40eslint_252feslintrc/.cache.json
483 verbose stack Error: Missing required argument #1
483 verbose stack     at andLogAndFinish (/usr/share/npm/lib/fetch-package-metadata.js:31:3)
483 verbose stack     at fetchPackageMetadata (/usr/share/npm/lib/fetch-package-metadata.js:51:22)
483 verbose stack     at resolveWithNewModule (/usr/share/npm/lib/install/deps.js:456:12)
483 verbose stack     at /usr/share/npm/lib/install/deps.js:457:7
483 verbose stack     at /usr/share/npm/node_modules/iferr/index.js:13:50
483 verbose stack     at /usr/share/npm/lib/fetch-package-metadata.js:37:12
483 verbose stack     at addRequestedAndFinish (/usr/share/npm/lib/fetch-package-metadata.js:82:5)
483 verbose stack     at returnAndAddMetadata (/usr/share/npm/lib/fetch-package-metadata.js:117:7)
483 verbose stack     at pickVersionFromRegistryDocument (/usr/share/npm/lib/fetch-package-metadata.js:134:20)
483 verbose stack     at /usr/share/npm/node_modules/iferr/index.js:13:50
484 verbose cwd /home/eugene/LabMolDyn
485 error Linux 5.4.0-91-generic
486 error argv "/usr/bin/node" "/usr/bin/npm" "i" "eslint"
487 error node v8.10.0
488 error npm  v3.5.2
489 error code EMISSINGARG
490 error typeerror Error: Missing required argument #1
490 error typeerror     at andLogAndFinish (/usr/share/npm/lib/fetch-package-metadata.js:31:3)
490 error typeerror     at fetchPackageMetadata (/usr/share/npm/lib/fetch-package-metadata.js:51:22)
490 error typeerror     at resolveWithNewModule (/usr/share/npm/lib/install/deps.js:456:12)
490 error typeerror     at /usr/share/npm/lib/install/deps.js:457:7
490 error typeerror     at /usr/share/npm/node_modules/iferr/index.js:13:50
490 error typeerror     at /usr/share/npm/lib/fetch-package-metadata.js:37:12
490 error typeerror     at addRequestedAndFinish (/usr/share/npm/lib/fetch-package-metadata.js:82:5)
490 error typeerror     at returnAndAddMetadata (/usr/share/npm/lib/fetch-package-metadata.js:117:7)
490 error typeerror     at pickVersionFromRegistryDocument (/usr/share/npm/lib/fetch-package-metadata.js:134:20)
490 error typeerror     at /usr/share/npm/node_modules/iferr/index.js:13:50
491 error typeerror This is an error with npm itself. Please report this error at:
491 error typeerror     <http://github.com/npm/npm/issues>
492 verbose exit [ 1, true ]
